CallLib/build/outputs/logs/manifest-merger-debug-report.txt
-- Merging decision tree log ---
manifest
ADDED from kloudsync\CallLib\AndroidManifest.xml:1:1-11:12
INJECTED from kloudsync\CallLib\AndroidManifest.xml:1:1-11:12
INJECTED from kloudsync\CallLib\AndroidManifest.xml:1:1-11:12
INJECTED from kloudsync\CallLib\AndroidManifest.xml:1:1-11:12
INJECTED from kloudsync\CallLib\AndroidManifest.xml:1:1-11:12
INJECTED from kloudsync\CallLib\AndroidManifest.xml:1:1-11:12
INJECTED from kloudsync\CallLib\AndroidManifest.xml:1:1-11:12
	package
		ADDED from kloudsync\CallLib\AndroidManifest.xml:2:5-30
		INJECTED from kloudsync\CallLib\AndroidManifest.xml
		INJECTED from kloudsync\CallLib\AndroidManifest.xml
	android:versionName
		INJECTED from kloudsync\CallLib\AndroidManifest.xml
		ADDED from kloudsync\CallLib\AndroidManifest.xml:1:1-11:12
		INJECTED from kloudsync\CallLib\AndroidManifest.xml
	android:versionCode
		INJECTED from kloudsync\CallLib\AndroidManifest.xml
		ADDED from kloudsync\CallLib\AndroidManifest.xml:1:1-11:12
		INJECTED from kloudsync\CallLib\AndroidManifest.xml
	xmlns:android
		ADDED from kloudsync\CallLib\AndroidManifest.xml:1:11-69
uses-sdk
ADDED from kloudsync\CallLib\AndroidManifest.xml:4:5-47
INJECTED from kloudsync\CallLib\AndroidManifest.xml:4:5-47
INJECTED from kloudsync\CallLib\AndroidManifest.xml:4:5-47
INJECTED from kloudsync\CallLib\AndroidManifest.xml:4:5-47
INJECTED from kloudsync\CallLib\AndroidManifest.xml:4:5-47
	android:targetSdkVersion
		ADDED from kloudsync\CallLib\AndroidManifest.xml:4:15-44
		INJECTED from kloudsync\CallLib\AndroidManifest.xml
		INJECTED from kloudsync\CallLib\AndroidManifest.xml
	android:minSdkVersion
		INJECTED from kloudsync\CallLib\AndroidManifest.xml
		ADDED from kloudsync\CallLib\AndroidManifest.xml:4:5-47
		INJECTED from kloudsync\CallLib\AndroidManifest.xml
application
ADDED from kloudsync\CallLib\AndroidManifest.xml:6:5-9:19